<?xml version="1.0" encoding="UTF-8"?>
<!-- Generated by org.testng.reporters.JUnitReportReporter -->
<testsuite hostname="DESKTOP-JSFFI1V" failures="0" tests="1" name="testngparalleltesting.ZerodhaClassLogin" time="15.080" errors="0" timestamp="2021-09-05T15:45:58 IST" skipped="0">
  <testcase classname="testngparalleltesting.ZerodhaClassLogin" name="loginToApp" time="15.080"/>
  <system-out/>
</testsuite> <!-- testngparalleltesting.ZerodhaClassLogin -->
