<?xml version="1.0" encoding="UTF-8"?>
<!-- Generated by org.testng.reporters.JUnitReportReporter -->
<testsuite hostname="DESKTOP-JSFFI1V" failures="0" tests="1" name="testngparalleltesting.ParallelClasstest1" time="34.801" errors="0" timestamp="2021-09-04T23:04:41 IST" skipped="0">
  <testcase classname="testngparalleltesting.ParallelClasstest1" name="loginapp" time="34.801"/>
  <system-out/>
</testsuite> <!-- testngparalleltesting.ParallelClasstest1 -->
