<?xml version="1.0" encoding="UTF-8"?>
<!-- Generated by org.testng.reporters.JUnitReportReporter -->
<testsuite hostname="DESKTOP-JSFFI1V" failures="0" tests="3" name="testngdiscussion.ParameterMethodParallelTesting" time="73.254" errors="0" timestamp="2021-09-04T19:55:06 IST" skipped="0">
  <testcase classname="testngdiscussion.ParameterMethodParallelTesting" name="browserselection" time="22.550"/>
  <system-out/>
  <testcase classname="testngdiscussion.ParameterMethodParallelTesting" name="browserSelection2" time="24.010"/>
  <system-out/>
  <testcase classname="testngdiscussion.ParameterMethodParallelTesting" name="browserSelection3" time="26.694"/>
  <system-out/>
</testsuite> <!-- testngdiscussion.ParameterMethodParallelTesting -->
