<?xml version="1.0" encoding="UTF-8"?>
<!-- Generated by org.testng.reporters.JUnitReportReporter -->
<testsuite hostname="DESKTOP-JSFFI1V" failures="0" tests="1" name="testngdiscussion.DependMethodOnAnotherClassMethod" time="0.000" errors="0" timestamp="2021-08-30T22:30:09 IST" skipped="1">
  <testcase classname="testngdiscussion.DependMethodOnAnotherClassMethod" name="holding" time="0.000">
    <skipped/>
  </testcase> <!-- holding -->
  <system-out/>
</testsuite> <!-- testngdiscussion.DependMethodOnAnotherClassMethod -->
