<?xml version="1.0" encoding="UTF-8"?>
<!-- Generated by org.testng.reporters.JUnitReportReporter -->
<testsuite hostname="DESKTOP-JSFFI1V" failures="0" tests="3" name="ajit.Priority" time="0.069" errors="0" timestamp="2021-09-16T16:06:01 IST" skipped="0">
  <testcase classname="ajit.Priority" name="car" time="0.008"/>
  <system-out/>
  <testcase classname="ajit.Priority" name="cycle" time="0.012"/>
  <system-out/>
  <testcase classname="ajit.Priority" name="bike" time="0.049"/>
  <system-out/>
</testsuite> <!-- ajit.Priority -->
