<?xml version="1.0" encoding="UTF-8"?>
<!-- Generated by org.testng.reporters.JUnitReportReporter -->
<testsuite hostname="DESKTOP-JSFFI1V" failures="0" tests="1" name="sonamtestng.ClassA" time="33.907" errors="0" timestamp="2021-09-06T14:21:23 IST" skipped="0">
  <testcase classname="sonamtestng.ClassA" name="loginhrm" time="33.907"/>
  <system-out/>
</testsuite> <!-- sonamtestng.ClassA -->
