<?xml version="1.0" encoding="UTF-8"?>
<!-- Generated by org.testng.reporters.JUnitReportReporter -->
<testsuite hostname="DESKTOP-JSFFI1V" failures="0" tests="2" name="testngdiscussion.ParameterTestng" time="21.884" errors="0" timestamp="2021-09-04T19:31:45 IST" skipped="0">
  <testcase classname="testngdiscussion.ParameterTestng" name="browserSelection" time="21.880"/>
  <system-out/>
  <testcase classname="testngdiscussion.ParameterTestng" name="buildInfo" time="0.004"/>
  <system-out/>
</testsuite> <!-- testngdiscussion.ParameterTestng -->
