<?xml version="1.0" encoding="UTF-8"?>
<!-- Generated by org.testng.reporters.JUnitReportReporter -->
<testsuite hostname="DESKTOP-JSFFI1V" failures="0" tests="4" name="sonamtestng.Groiuping" time="0.035" errors="0" timestamp="2021-09-08T18:10:49 IST" skipped="0">
  <testcase classname="sonamtestng.Groiuping" name="buy" time="0.018"/>
  <system-out/>
  <testcase classname="sonamtestng.Groiuping" name="profile" time="0.005"/>
  <system-out/>
  <testcase classname="sonamtestng.Groiuping" name="logout" time="0.005"/>
  <system-out/>
  <testcase classname="sonamtestng.Groiuping" name="navToApp" time="0.007"/>
  <system-out/>
</testsuite> <!-- sonamtestng.Groiuping -->
