<?xml version="1.0" encoding="UTF-8"?>
<!-- Generated by org.testng.reporters.JUnitReportReporter -->
<testsuite hostname="DESKTOP-JSFFI1V" failures="0" tests="1" name="testngdiscussion.ParallelTestClass1" time="11.693" errors="0" timestamp="2021-09-04T20:40:46 IST" skipped="0">
  <testcase classname="testngdiscussion.ParallelTestClass1" name="loginToApp" time="11.693"/>
  <system-out/>
</testsuite> <!-- testngdiscussion.ParallelTestClass1 -->
