<?xml version="1.0" encoding="UTF-8"?>
<!-- Generated by org.testng.reporters.JUnitReportReporter -->
<testsuite hostname="DESKTOP-JSFFI1V" failures="0" tests="2" name="testngdiscussion.TestClass2" time="0.047" errors="0" timestamp="2021-09-09T12:55:20 IST" skipped="0">
  <testcase classname="testngdiscussion.TestClass2" name="dashboard2" time="0.031"/>
  <system-out>
    <![CDATA[dashboard method]]>
  </system-out>
  <testcase classname="testngdiscussion.TestClass2" name="login2" time="0.016"/>
  <system-out>
    <![CDATA[login method]]>
  </system-out>
</testsuite> <!-- testngdiscussion.TestClass2 -->
