<?xml version="1.0" encoding="UTF-8"?>
<!-- Generated by org.testng.reporters.JUnitReportReporter -->
<testsuite hostname="DESKTOP-JSFFI1V" failures="0" tests="6" name="testngdiscussion.Invocationcount" time="0.044" errors="0" timestamp="2021-09-01T18:54:57 IST" skipped="1">
  <testcase classname="testngdiscussion.Invocationcount" name="login" time="0.027"/>
  <system-out/>
  <testcase classname="testngdiscussion.Invocationcount" name="login" time="0.003"/>
  <system-out/>
  <testcase classname="testngdiscussion.Invocationcount" name="login" time="0.005"/>
  <system-out/>
  <testcase classname="testngdiscussion.Invocationcount" name="login" time="0.004"/>
  <system-out/>
  <testcase classname="testngdiscussion.Invocationcount" name="login" time="0.005"/>
  <system-out/>
  <testcase classname="testngdiscussion.Invocationcount" name="dashboard">
    <skipped/>
  </testcase> <!-- dashboard -->
  <system-out/>
</testsuite> <!-- testngdiscussion.Invocationcount -->
