<?xml version="1.0" encoding="UTF-8"?>
<!-- Generated by org.testng.reporters.JUnitReportReporter -->
<testsuite hostname="DESKTOP-JSFFI1V" failures="0" tests="10" name="testngdiscussion.DPTest" time="0.098" errors="0" timestamp="2021-09-09T14:16:11 IST" skipped="0">
  <testcase classname="testngdiscussion.DPTest" name="testCase" time="0.020"/>
  <system-out/>
  <testcase classname="testngdiscussion.DPTest" name="testCase" time="0.014"/>
  <system-out/>
  <testcase classname="testngdiscussion.DPTest" name="testCase" time="0.006"/>
  <system-out/>
  <testcase classname="testngdiscussion.DPTest" name="testCase" time="0.006"/>
  <system-out/>
  <testcase classname="testngdiscussion.DPTest" name="testCase" time="0.006"/>
  <system-out/>
  <testcase classname="testngdiscussion.DPTest" name="testCase" time="0.008"/>
  <system-out/>
  <testcase classname="testngdiscussion.DPTest" name="testCase" time="0.011"/>
  <system-out/>
  <testcase classname="testngdiscussion.DPTest" name="testCase" time="0.014"/>
  <system-out/>
  <testcase classname="testngdiscussion.DPTest" name="testCase" time="0.004"/>
  <system-out/>
  <testcase classname="testngdiscussion.DPTest" name="testCase" time="0.009"/>
  <system-out/>
</testsuite> <!-- testngdiscussion.DPTest -->
