<?xml version="1.0" encoding="UTF-8"?>
<!-- Generated by org.testng.reporters.JUnitReportReporter -->
<testsuite hostname="DESKTOP-JSFFI1V" failures="0" tests="1" name="testngdiscussion.ParallelParameterMethod" time="22.987" errors="0" timestamp="2021-09-04T20:24:00 IST" skipped="0">
  <testcase classname="testngdiscussion.ParallelParameterMethod" name="browserselection" time="22.987"/>
  <system-out/>
</testsuite> <!-- testngdiscussion.ParallelParameterMethod -->
