<?xml version="1.0" encoding="UTF-8"?>
<!-- Generated by org.testng.reporters.JUnitReportReporter -->
<testsuite hostname="DESKTOP-JSFFI1V" failures="0" tests="4" name="testngdiscussion.Testng" time="0.093" errors="0" timestamp="2021-08-27T20:03:26 IST" skipped="0">
  <testcase classname="testngdiscussion.Testng" name="testCase2" time="0.004"/>
  <system-out/>
  <testcase classname="testngdiscussion.Testng" name="testCase4" time="0.003"/>
  <system-out/>
  <testcase classname="testngdiscussion.Testng" name="testCase3" time="0.004"/>
  <system-out/>
  <testcase classname="testngdiscussion.Testng" name="testCase1" time="0.082"/>
  <system-out/>
</testsuite> <!-- testngdiscussion.Testng -->
