<?xml version="1.0" encoding="UTF-8"?>
<!-- Generated by org.testng.reporters.JUnitReportReporter -->
<testsuite hostname="DESKTOP-JSFFI1V" failures="0" tests="1" name="testngdiscussion.InclusionAndExclusionMethod" time="0.039" errors="0" timestamp="2021-09-02T12:18:27 IST" skipped="0">
  <testcase classname="testngdiscussion.InclusionAndExclusionMethod" name="testcase2" time="0.039"/>
  <system-out/>
</testsuite> <!-- testngdiscussion.InclusionAndExclusionMethod -->
