<?xml version="1.0" encoding="UTF-8"?>
<!-- Generated by org.testng.reporters.JUnitReportReporter -->
<testsuite hostname="DESKTOP-JSFFI1V" failures="0" tests="3" name="sonamstudy.IncludeAndExclude" time="0.060" errors="0" timestamp="2021-09-08T16:56:17 IST" skipped="0">
  <testcase classname="sonamstudy.IncludeAndExclude" name="main4" time="0.014"/>
  <system-out/>
  <testcase classname="sonamstudy.IncludeAndExclude" name="main1" time="0.037"/>
  <system-out/>
  <testcase classname="sonamstudy.IncludeAndExclude" name="main3" time="0.009"/>
  <system-out/>
</testsuite> <!-- sonamstudy.IncludeAndExclude -->
