<?xml version="1.0" encoding="UTF-8"?>
<!-- Generated by org.testng.reporters.JUnitReportReporter -->
<testsuite hostname="DESKTOP-JSFFI1V" failures="0" tests="2" name="sonamtestng.ClassB" time="0.034" errors="0" timestamp="2021-09-06T14:21:23 IST" skipped="0">
  <testcase classname="sonamtestng.ClassB" name="loginfacebook" time="0.006"/>
  <system-out/>
  <testcase classname="sonamtestng.ClassB" name="logoutfacebook" time="0.028"/>
  <system-out/>
</testsuite> <!-- sonamtestng.ClassB -->
