<?xml version="1.0" encoding="UTF-8"?>
<!-- Generated by org.testng.reporters.JUnitReportReporter -->
<testsuite hostname="DESKTOP-JSFFI1V" failures="0" tests="1" name="testcase.LoginTest" time="18.344" errors="0" timestamp="2021-09-13T13:13:04 IST" skipped="0">
  <testcase classname="testcase.LoginTest" name="initBrowser" time="18.344"/>
  <system-out/>
</testsuite> <!-- testcase.LoginTest -->
