<?xml version="1.0" encoding="UTF-8"?>
<!-- Generated by org.testng.reporters.JUnitReportReporter -->
<testsuite hostname="DESKTOP-JSFFI1V" failures="0" tests="2" name="testngdiscussion.ParallelParameterMethod1" time="50.505" errors="0" timestamp="2021-09-04T20:24:00 IST" skipped="0">
  <testcase classname="testngdiscussion.ParallelParameterMethod1" name="browserSelection3" time="22.476"/>
  <system-out/>
  <testcase classname="testngdiscussion.ParallelParameterMethod1" name="browserSelection2" time="28.029"/>
  <system-out/>
</testsuite> <!-- testngdiscussion.ParallelParameterMethod1 -->
