<?xml version="1.0" encoding="UTF-8"?>
<!-- Generated by org.testng.reporters.JUnitReportReporter -->
<testsuite hostname="DESKTOP-JSFFI1V" failures="0" tests="3" name="testngdiscussion.TestCase" time="0.083" errors="0" timestamp="2021-09-09T12:55:20 IST" skipped="0">
  <testcase classname="testngdiscussion.TestCase" name="admin" time="0.061"/>
  <system-out>
    <![CDATA[admin method]]>
  </system-out>
  <testcase classname="testngdiscussion.TestCase" name="login" time="0.014"/>
  <system-out>
    <![CDATA[login method]]>
  </system-out>
  <testcase classname="testngdiscussion.TestCase" name="dashboard" time="0.008"/>
  <system-out>
    <![CDATA[dashboard method]]>
  </system-out>
</testsuite> <!-- testngdiscussion.TestCase -->
