<?xml version="1.0" encoding="UTF-8"?>
<!-- Generated by org.testng.reporters.JUnitReportReporter -->
<testsuite hostname="DESKTOP-JSFFI1V" failures="0" tests="1" name="testngparalleltesting.ZerodhaClass" time="21.369" errors="0" timestamp="2021-09-05T14:46:06 IST" skipped="0">
  <testcase classname="testngparalleltesting.ZerodhaClass" name="loginToApp" time="21.369"/>
  <system-out/>
</testsuite> <!-- testngparalleltesting.ZerodhaClass -->
