<?xml version="1.0" encoding="UTF-8"?>
<!-- Generated by org.testng.reporters.JUnitReportReporter -->
<testsuite hostname="DESKTOP-JSFFI1V" failures="0" tests="1" name="sonamtestng.DependsotherClass" time="0.000" errors="0" timestamp="2021-09-06T15:34:16 IST" skipped="1">
  <testcase classname="sonamtestng.DependsotherClass" name="show" time="0.000">
    <skipped/>
  </testcase> <!-- show -->
  <system-out/>
</testsuite> <!-- sonamtestng.DependsotherClass -->
