<?xml version="1.0" encoding="UTF-8"?>
<!-- Generated by org.testng.reporters.JUnitReportReporter -->
<testsuite hostname="DESKTOP-JSFFI1V" failures="0" tests="1" name="sonamtestng.priority" time="0.023" errors="0" timestamp="2021-09-06T12:41:50 IST" skipped="0">
  <testcase classname="sonamtestng.priority" name="admin" time="0.023"/>
  <system-out/>
</testsuite> <!-- sonamtestng.priority -->
