<?xml version="1.0" encoding="UTF-8"?>
<!-- Generated by org.testng.reporters.JUnitReportReporter -->
<testsuite hostname="DESKTOP-JSFFI1V" failures="0" tests="2" name="testngparalleltesting.OrangeHrmAdmin" time="22.778" errors="0" timestamp="2021-09-05T15:19:29 IST" skipped="0">
  <testcase classname="testngparalleltesting.OrangeHrmAdmin" name="hrm" time="19.513"/>
  <system-out/>
  <testcase classname="testngparalleltesting.OrangeHrmAdmin" name="admin" time="3.265"/>
  <system-out/>
</testsuite> <!-- testngparalleltesting.OrangeHrmAdmin -->
