<?xml version="1.0" encoding="UTF-8"?>
<!-- Generated by org.testng.reporters.JUnitReportReporter -->
<testsuite hostname="DESKTOP-JSFFI1V" failures="0" tests="3" name="testngdiscussion.GroupingofTestClsass" time="0.038" errors="0" timestamp="2021-09-02T14:15:23 IST" skipped="0">
  <testcase classname="testngdiscussion.GroupingofTestClsass" name="dashboatd" time="0.024"/>
  <system-out/>
  <testcase classname="testngdiscussion.GroupingofTestClsass" name="logout" time="0.008"/>
  <system-out/>
  <testcase classname="testngdiscussion.GroupingofTestClsass" name="navToApp" time="0.006"/>
  <system-out/>
</testsuite> <!-- testngdiscussion.GroupingofTestClsass -->
