<?xml version="1.0" encoding="UTF-8"?>
<!-- Generated by org.testng.reporters.JUnitReportReporter -->
<testsuite hostname="DESKTOP-JSFFI1V" failures="0" tests="3" name="testngdiscussion.TestCasemodule2" time="0.047" errors="0" timestamp="2021-09-09T12:55:20 IST" skipped="0">
  <testcase classname="testngdiscussion.TestCasemodule2" name="admin" time="0.016"/>
  <system-out>
    <![CDATA[admin method]]>
  </system-out>
  <testcase classname="testngdiscussion.TestCasemodule2" name="login" time="0.020"/>
  <system-out>
    <![CDATA[login method]]>
  </system-out>
  <testcase classname="testngdiscussion.TestCasemodule2" name="dashboard" time="0.011"/>
  <system-out>
    <![CDATA[dashboard method]]>
  </system-out>
</testsuite> <!-- testngdiscussion.TestCasemodule2 -->
